<?xml version="1.0" encoding="UTF-8"?>
<!-- Generated by org.testng.reporters.JUnitReportReporter -->
<testsuite hostname="BGLR-RAJESHV" name="ethos.test.Countries" tests="9" failures="0" timestamp="28 Mar 2014 18:07:11 GMT" time="12.053" errors="1">
  <testcase name="verifyHeading" time="0.040" classname="ethos.test.Countries"/>
  <testcase name="verifyStatusDropDown" time="0.063" classname="ethos.test.Countries"/>
  <testcase name="verifyExportLink" time="5.799" classname="ethos.test.Countries"/>
  <testcase name="verifySelectLink" time="1.042" classname="ethos.test.Countries">
    <error type="java.lang.AssertionError" message="Select not available at 2">
      <![CDATA[java.lang.AssertionError: Select not available at 2
	at com.thoughtworks.selenium.SeleneseTestBase.fail(SeleneseTestBase.java:391)
	at com.thoughtworks.selenium.SeleneseTestBase.assertTrue(SeleneseTestBase.java:395)
	at ethos.test.Countries.verifySelectLink(Countries.java:75)
	at sun.reflect.NativeMethodAccessorImpl.invoke0(Native Method)
	at sun.reflect.NativeMethodAccessorImpl.invoke(Unknown Source)
	at sun.reflect.DelegatingMethodAccessorImpl.invoke(Unknown Source)
	at java.lang.reflect.Method.invoke(Unknown Source)
	at org.testng.internal.MethodInvocationHelper.invokeMethod(MethodInvocationHelper.java:80)
	at org.testng.internal.Invoker.invokeMethod(Invoker.java:702)
	at org.testng.internal.Invoker.invokeTestMethod(Invoker.java:894)
	at org.testng.internal.Invoker.invokeTestMethods(Invoker.java:1219)
	at org.testng.internal.TestMethodWorker.invokeTestMethods(TestMethodWorker.java:127)
	at org.testng.internal.TestMethodWorker.run(TestMethodWorker.java:111)
	at org.testng.TestRunner.privateRun(TestRunner.java:767)
	at org.testng.TestRunner.run(TestRunner.java:617)
	at org.testng.SuiteRunner.runTest(SuiteRunner.java:334)
	at org.testng.SuiteRunner.runSequentially(SuiteRunner.java:329)
	at org.testng.SuiteRunner.privateRun(SuiteRunner.java:291)
	at org.testng.SuiteRunner.run(SuiteRunner.java:240)
	at org.testng.SuiteRunnerWorker.runSuite(SuiteRunnerWorker.java:53)
	at org.testng.SuiteRunnerWorker.run(SuiteRunnerWorker.java:87)
	at org.testng.TestNG.runSuitesSequentially(TestNG.java:1197)
	at org.testng.TestNG.runSuitesLocally(TestNG.java:1122)
	at org.testng.TestNG.run(TestNG.java:1030)
	at org.testng.remote.RemoteTestNG.run(RemoteTestNG.java:111)
	at org.testng.remote.RemoteTestNG.initAndRun(RemoteTestNG.java:204)
	at org.testng.remote.RemoteTestNG.main(RemoteTestNG.java:175)
]]>
    </error>
  </testcase> <!-- verifySelectLink -->
  <testcase name="verifyRegionTable" time="0.107" classname="ethos.test.Countries"/>
  <testcase name="verifyAddNewBtn" time="4.641" classname="ethos.test.Countries"/>
  <testcase name="verifyCountryTable" time="0.171" classname="ethos.test.Countries"/>
  <testcase name="verifySubHeadings" time="0.144" classname="ethos.test.Countries"/>
  <testcase name="verifyResetButn" time="0.046" classname="ethos.test.Countries"/>
</testsuite> <!-- ethos.test.Countries -->
